2025-11-19 00:00:48, EXEC, v:1, k:poo@lapiseira, mode:FULL, rate:28, size:58
2025-11-19 00:01:23, EXEC, v:1, k:poo@lapiseira, mode:FULL, rate:35, size:58
2025-11-19 00:01:56, EXEC, v:1, k:poo@lapiseira, mode:FULL, rate:28, size:58
2025-11-19 00:02:18, EXEC, v:1, k:poo@lapiseira, mode:FULL, rate:35, size:58
2025-11-19 00:05:31, EXEC, v:1, k:poo@lapiseira, mode:FULL, rate:14, size:59
2025-11-19 00:05:49, EXEC, v:1, k:poo@lapiseira, mode:FULL, rate:14, size:59
2025-11-19 00:06:20, EXEC, v:1, k:poo@lapiseira, mode:FULL, rate:14, size:59
2025-11-19 00:09:14, EXEC, v:1, k:poo@lapiseira, mode:FULL, rate:35, size:58
2025-11-19 00:16:08, EXEC, v:1, k:poo@lapiseira, mode:FULL, rate:35, size:65
2025-11-19 00:24:09, EXEC, v:1, k:poo@lapiseira, mode:FULL, rate:35, size:62
2025-11-19 00:26:47, EXEC, v:1, k:poo@lapiseira, mode:FULL, rate:35, size:61
2025-11-19 00:27:45, EXEC, v:1, k:poo@lapiseira, mode:FULL, rate:35, size:64
2025-11-19 00:28:11, EXEC, v:1, k:poo@lapiseira, mode:FULL, rate:42, size:64
2025-11-19 00:29:36, EXEC, v:1, k:poo@lapiseira, mode:FULL, rate:42, size:67
2025-11-19 00:29:52, EXEC, v:1, k:poo@lapiseira, mode:FULL, rate:50, size:67
2025-11-19 00:30:54, EXEC, v:1, k:poo@lapiseira, mode:FULL, rate:50, size:70
2025-11-19 00:31:30, EXEC, v:1, k:poo@lapiseira, mode:FULL, rate:57, size:72
2025-11-19 00:33:31, EXEC, v:1, k:poo@lapiseira, mode:FULL, rate:71, size:78
2025-11-19 00:43:20, EXEC, v:1, k:poo@lapiseira, mode:FULL, rate:71, size:94
2025-11-19 00:44:54, EXEC, v:1, k:poo@lapiseira, mode:FULL, rate:71, size:94
2025-11-19 00:52:08, EXEC, v:1, k:poo@lapiseira, mode:FULL, rate:71
2025-11-19 00:52:58, EXEC, v:1, k:poo@lapiseira, mode:FULL, rate:85, size:94
2025-11-19 00:57:26, EXEC, v:1, k:poo@lapiseira, mode:FULL, rate:0, size:100
2025-11-19 00:57:45, EXEC, v:1, k:poo@lapiseira, mode:FULL, rate:85, size:98
2025-11-19 01:00:14, EXEC, v:1, k:poo@lapiseira, mode:FULL, rate:92, size:98
2025-11-19 01:01:31, EXEC, v:1, k:poo@lapiseira, mode:FULL, rate:71, size:100
2025-11-19 01:01:51, EXEC, v:1, k:poo@lapiseira, mode:FULL, rate:71, size:100
2025-11-19 01:02:36, EXEC, v:1, k:poo@lapiseira, mode:FULL, rate:71, size:100
2025-11-19 01:03:39, EXEC, v:1, k:poo@lapiseira, mode:FULL, rate:92, size:100
2025-11-19 01:04:12, EXEC, v:1, k:poo@lapiseira, mode:FULL, rate:71, size:100
2025-11-19 01:04:21, EXEC, v:1, k:poo@lapiseira, mode:FULL, rate:92, size:100
2025-11-19 01:11:14, EXEC, v:1, k:poo@lapiseira, mode:FULL, rate:71, size:100
2025-11-19 01:12:28, EXEC, v:1, k:poo@lapiseira, mode:FULL, rate:71, size:99
2025-11-19 01:13:00, EXEC, v:1, k:poo@lapiseira, mode:FULL, rate:92, size:99
2025-11-19 01:13:47, EXEC, v:1, k:poo@lapiseira, mode:FULL, rate:71, size:101
2025-11-19 01:15:38, EXEC, v:1, k:poo@lapiseira, mode:FULL, rate:92, size:103
2025-11-19 01:16:17, EXEC, v:1, k:poo@lapiseira, mode:FULL, rate:85, size:103
2025-11-19 01:17:14, EXEC, v:1, k:poo@lapiseira, mode:FULL, rate:85, size:104
2025-11-19 01:18:04, EXEC, v:1, k:poo@lapiseira, mode:FULL, rate:85, size:101
2025-11-19 01:44:18, EXEC, v:1, k:poo@lapiseira, mode:FULL, rate:85, size:113
2025-11-19 01:46:42, EXEC, v:1, k:poo@lapiseira, mode:FULL, rate:92, size:108
2025-11-19 01:47:04, EXEC, v:1, k:poo@lapiseira, mode:FULL, rate:92, size:108
2025-11-19 01:48:10, EXEC, v:1, k:poo@lapiseira, mode:FULL, rate:92, size:106
2025-11-19 02:02:51, EXEC, v:1, k:poo@lapiseira, mode:FULL, rate:85, size:106
2025-11-19 02:07:21, EXEC, v:1, k:poo@lapiseira, mode:FULL, rate:100, size:106
2025-11-19 02:08:28, MOVE, v:1, k:poo@lapiseira, mode:PICK
2025-11-19 02:08:32, EXEC, v:1, k:poo@lapiseira, mode:FULL, rate:100
2025-11-19 02:08:34, MOVE, v:1, k:poo@lapiseira, mode:BACK
2025-11-19 02:10:59, SELF, v:1, k:poo@lapiseira, rate:100, iagen:usei_para_entender_melhor_o_join, guide:video_da_aula_gravada, alone:8, study:240
